Using pre-set license
Built from '2020.3/release' branch; Version is '2020.3.2f1 (8fd9074bf66c) revision 9427207'; Using compiler version '192528614'; Build Type 'Release'
OS: 'Windows 10 Home; OS build 19042.870; Version 2009; 64bit' Language: 'en' Physical Memory: 15731 MB
BatchMode: 1, IsHumanControllingUs: 0, StartBugReporterOnCrash: 0, Is64bit: 1, IsPro: 0

 COMMAND LINE ARGUMENTS:
C:\Program Files\Unity\Hub\Editor\2020.3.2f1\Editor\Unity.exe
-adb2
-batchMode
-noUpm
-name
AssetImportWorker0
-projectPath
C:/Users/Dxung/OneDrive/Desktop/Study/game programming/rebuild_Project_RPG
-logFile
Logs/AssetImportWorker0.log
-srvPort
64040
Successfully changed project path to: C:/Users/Dxung/OneDrive/Desktop/Study/game programming/rebuild_Project_RPG
C:/Users/Dxung/OneDrive/Desktop/Study/game programming/rebuild_Project_RPG
Using Asset Import Pipeline V2.
Refreshing native plugins compatible for Editor in 40.26 ms, found 1 plugins.
Preloading 0 native plugins for Editor in 0.00 ms.
Initialize engine version: 2020.3.2f1 (8fd9074bf66c)
[Subsystems] Discovering subsystems at path C:/Program Files/Unity/Hub/Editor/2020.3.2f1/Editor/Data/Resources/UnitySubsystems
[Subsystems] Discovering subsystems at path C:/Users/Dxung/OneDrive/Desktop/Study/game programming/rebuild_Project_RPG/Assets
GfxDevice: creating device client; threaded=0
Direct3D:
    Version:  Direct3D 11.0 [level 11.1]
    Renderer: NVIDIA GeForce GTX 1660 Ti (ID=0x2191)
    Vendor:   
    VRAM:     5991 MB
    Driver:   27.21.14.6192
Initialize mono
Mono path[0] = 'C:/Program Files/Unity/Hub/Editor/2020.3.2f1/Editor/Data/Managed'
Mono path[1] = 'C:/Program Files/Unity/Hub/Editor/2020.3.2f1/Editor/Data/MonoBleedingEdge/lib/mono/unityjit'
Mono config path = 'C:/Program Files/Unity/Hub/Editor/2020.3.2f1/Editor/Data/MonoBleedingEdge/etc'
Using monoOptions --debugger-agent=transport=dt_socket,embedding=1,server=y,suspend=n,address=127.0.0.1:56456
Begin MonoManager ReloadAssembly
Registering precompiled unity dll's ...
Register platform support module: C:/Program Files/Unity/Hub/Editor/2020.3.2f1/Editor/Data/PlaybackEngines/WindowsStandaloneSupport/UnityEditor.WindowsStandalone.Extensions.dll
Registered in 0.001602 seconds.
Native extension for WindowsStandalone target not found
Refreshing native plugins compatible for Editor in 43.24 ms, found 1 plugins.
Preloading 0 native plugins for Editor in 0.00 ms.
Invoked RoslynAnalysisRunner static constructor.
RoslynAnalysisRunner will not be running.
RoslynAnalysisRunner has terminated.
Mono: successfully reloaded assembly
- Completed reload, in  0.929 seconds
Platform modules already initialized, skipping
Registering precompiled user dll's ...
Registered in 0.001085 seconds.
Begin MonoManager ReloadAssembly
Native extension for WindowsStandalone target not found
Refreshing native plugins compatible for Editor in 43.16 ms, found 1 plugins.
Preloading 0 native plugins for Editor in 0.00 ms.
Invoked RoslynAnalysisRunner static constructor.
RoslynAnalysisRunner will not be running.
RoslynAnalysisRunner has terminated.
Mono: successfully reloaded assembly
- Completed reload, in  0.956 seconds
Platform modules already initialized, skipping
========================================================================
Worker process is ready to serve import requests
Launched and connected shader compiler UnityShaderCompiler.exe after 0.05 seconds
Refreshing native plugins compatible for Editor in 0.46 ms, found 1 plugins.
Preloading 0 native plugins for Editor in 0.00 ms.
Unloading 1814 Unused Serialized files (Serialized files now loaded: 0)
System memory in use before: 85.6 MB.
System memory in use after: 85.6 MB.

Unloading 24 unused Assets to reduce memory usage. Loaded Objects now: 2257.
Total: 2.908200 ms (FindLiveObjects: 0.241400 ms CreateObjectMapping: 0.070700 ms MarkObjects: 2.408700 ms  DeleteObjects: 0.185600 ms)

========================================================================
Received Import Request.
  path: Assets/Scripts/Signs.cs
  artifactKey: Guid(94fecc65a82dff745968e841586e5371) Importer(815301076,1909f56bfc062723c751e8b465ee728b)
Start importing Assets/Scripts/Signs.cs using Guid(94fecc65a82dff745968e841586e5371) Importer(815301076,1909f56bfc062723c751e8b465ee728b)  -> (artifact id: '231e6b43b725e17d339f661bfda5cc2e') in 0.024690 seconds
  Import took 0.029768 seconds .

========================================================================
Received Prepare
Refreshing native plugins compatible for Editor in 1.84 ms, found 1 plugins.
Preloading 0 native plugins for Editor in 0.00 ms.
Unloading 10 Unused Serialized files (Serialized files now loaded: 0)
System memory in use before: 49.2 MB.
System memory in use after: 49.2 MB.

Unloading 10 unused Assets to reduce memory usage. Loaded Objects now: 2257.
Total: 1.973000 ms (FindLiveObjects: 0.195800 ms CreateObjectMapping: 0.040500 ms MarkObjects: 1.634100 ms  DeleteObjects: 0.101200 ms)

========================================================================
Received Import Request.
  Time since last request: 38.360510 seconds.
  path: Assets/Scripts/Signs.cs
  artifactKey: Guid(94fecc65a82dff745968e841586e5371) Importer(815301076,1909f56bfc062723c751e8b465ee728b)
Start importing Assets/Scripts/Signs.cs using Guid(94fecc65a82dff745968e841586e5371) Importer(815301076,1909f56bfc062723c751e8b465ee728b)  -> (artifact id: 'e21ed7fb399f98ab90853f77c71a946f') in 0.003240 seconds
  Import took 0.008166 seconds .

========================================================================
Received Prepare
Registering precompiled user dll's ...
Registered in 0.001484 seconds.
Begin MonoManager ReloadAssembly
Native extension for WindowsStandalone target not found
Refreshing native plugins compatible for Editor in 0.44 ms, found 1 plugins.
Preloading 0 native plugins for Editor in 0.00 ms.
Invoked RoslynAnalysisRunner static constructor.
RoslynAnalysisRunner will not be running.
RoslynAnalysisRunner has terminated.
Mono: successfully reloaded assembly
- Completed reload, in  0.767 seconds
Platform modules already initialized, skipping
Refreshing native plugins compatible for Editor in 0.43 ms, found 1 plugins.
Preloading 0 native plugins for Editor in 0.00 ms.
Unloading 1809 Unused Serialized files (Serialized files now loaded: 0)
System memory in use before: 85.6 MB.
System memory in use after: 85.5 MB.

Unloading 12 unused Assets to reduce memory usage. Loaded Objects now: 2261.
Total: 2.034400 ms (FindLiveObjects: 0.280000 ms CreateObjectMapping: 0.040500 ms MarkObjects: 1.586700 ms  DeleteObjects: 0.125500 ms)

========================================================================
Received Prepare
Registering precompiled user dll's ...
Registered in 0.001037 seconds.
Begin MonoManager ReloadAssembly
Native extension for WindowsStandalone target not found
Refreshing native plugins compatible for Editor in 0.43 ms, found 1 plugins.
Preloading 0 native plugins for Editor in 0.00 ms.
Invoked RoslynAnalysisRunner static constructor.
RoslynAnalysisRunner will not be running.
RoslynAnalysisRunner has terminated.
Mono: successfully reloaded assembly
- Completed reload, in  0.750 seconds
Platform modules already initialized, skipping
Refreshing native plugins compatible for Editor in 0.44 ms, found 1 plugins.
Preloading 0 native plugins for Editor in 0.00 ms.
Unloading 1809 Unused Serialized files (Serialized files now loaded: 0)
System memory in use before: 85.6 MB.
System memory in use after: 85.6 MB.

Unloading 12 unused Assets to reduce memory usage. Loaded Objects now: 2265.
Total: 2.610400 ms (FindLiveObjects: 0.400100 ms CreateObjectMapping: 0.134300 ms MarkObjects: 1.961800 ms  DeleteObjects: 0.112200 ms)

AssetImportWorkerClient::OnTransportError - code=2 error=End of file
